Performing C++ SOURCE FILE Test CMAKE_HAVE_LIBC_PTHREAD failed with the following output:
Change Dir: /home/busolin/biEffortFaiss/experiments/faiss/build/CMakeFiles/CMakeScratch/TryCompile-HlAOlG

Run Build Command(s):/usr/bin/make -f Makefile cmTC_dd085/fast && /usr/bin/make  -f CMakeFiles/cmTC_dd085.dir/build.make CMakeFiles/cmTC_dd085.dir/build
make[1]: Entering directory '/home/busolin/biEffortFaiss/experiments/faiss/build/CMakeFiles/CMakeScratch/TryCompile-HlAOlG'
Building CXX object CMakeFiles/cmTC_dd085.dir/src.cxx.o
/usr/bin/c++ -DCMAKE_HAVE_LIBC_PTHREAD   -o CMakeFiles/cmTC_dd085.dir/src.cxx.o -c /home/busolin/biEffortFaiss/experiments/faiss/build/CMakeFiles/CMakeScratch/TryCompile-HlAOlG/src.cxx
Linking CXX executable cmTC_dd085
/usr/local/bin/cmake -E cmake_link_script CMakeFiles/cmTC_dd085.dir/link.txt --verbose=1
/usr/bin/c++ CMakeFiles/cmTC_dd085.dir/src.cxx.o -o cmTC_dd085 
CMakeFiles/cmTC_dd085.dir/src.cxx.o: In function `main':
src.cxx:(.text+0x3e): undefined reference to `pthread_create'
src.cxx:(.text+0x4a): undefined reference to `pthread_detach'
src.cxx:(.text+0x56): undefined reference to `pthread_cancel'
src.cxx:(.text+0x67): undefined reference to `pthread_join'
src.cxx:(.text+0x7b): undefined reference to `pthread_atfork'
collect2: error: ld returned 1 exit status
CMakeFiles/cmTC_dd085.dir/build.make:98: recipe for target 'cmTC_dd085' failed
make[1]: *** [cmTC_dd085] Error 1
make[1]: Leaving directory '/home/busolin/biEffortFaiss/experiments/faiss/build/CMakeFiles/CMakeScratch/TryCompile-HlAOlG'
Makefile:127: recipe for target 'cmTC_dd085/fast' failed
make: *** [cmTC_dd085/fast] Error 2


Source file was:
#include <pthread.h>

static void* test_func(void* data)
{
  return data;
}

int main(void)
{
  pthread_t thread;
  pthread_create(&thread, NULL, test_func, NULL);
  pthread_detach(thread);
  pthread_cancel(thread);
  pthread_join(thread, NULL);
  pthread_atfork(NULL, NULL, NULL);
  pthread_exit(NULL);

  return 0;
}


Determining if the function pthread_create exists in the pthreads failed with the following output:
Change Dir: /home/busolin/biEffortFaiss/experiments/faiss/build/CMakeFiles/CMakeScratch/TryCompile-j0Vjci

Run Build Command(s):/usr/bin/make -f Makefile cmTC_41c38/fast && /usr/bin/make  -f CMakeFiles/cmTC_41c38.dir/build.make CMakeFiles/cmTC_41c38.dir/build
make[1]: Entering directory '/home/busolin/biEffortFaiss/experiments/faiss/build/CMakeFiles/CMakeScratch/TryCompile-j0Vjci'
Building CXX object CMakeFiles/cmTC_41c38.dir/CheckFunctionExists.cxx.o
/usr/bin/c++   -DCHECK_FUNCTION_EXISTS=pthread_create -o CMakeFiles/cmTC_41c38.dir/CheckFunctionExists.cxx.o -c /home/busolin/biEffortFaiss/experiments/faiss/build/CMakeFiles/CMakeScratch/TryCompile-j0Vjci/CheckFunctionExists.cxx
Linking CXX executable cmTC_41c38
/usr/local/bin/cmake -E cmake_link_script CMakeFiles/cmTC_41c38.dir/link.txt --verbose=1
/usr/bin/c++  -DCHECK_FUNCTION_EXISTS=pthread_create CMakeFiles/cmTC_41c38.dir/CheckFunctionExists.cxx.o -o cmTC_41c38  -lpthreads 
/usr/bin/ld: cannot find -lpthreads
collect2: error: ld returned 1 exit status
CMakeFiles/cmTC_41c38.dir/build.make:98: recipe for target 'cmTC_41c38' failed
make[1]: *** [cmTC_41c38] Error 1
make[1]: Leaving directory '/home/busolin/biEffortFaiss/experiments/faiss/build/CMakeFiles/CMakeScratch/TryCompile-j0Vjci'
Makefile:127: recipe for target 'cmTC_41c38/fast' failed
make: *** [cmTC_41c38/fast] Error 2



